warn: Apr-05-2023 00:13:42: 	403 - Error: tasks details are invalid - /task/create - POST - ::1
warn: Apr-05-2023 00:14:13: 	403 - Error: tasks details are invalid - /task/create - POST - ::1
warn: Apr-05-2023 00:17:20: 	403 - TypeError: Cannot read properties of undefined (reading 'push') - /task/create - POST - ::1
warn: Apr-05-2023 00:18:10: 	403 - TypeError [ERR_INVALID_ARG_TYPE]: The "data" argument must be of type string or an instance of Buffer, TypedArray, or DataView. Received undefined - /task/create - POST - ::1
warn: Apr-05-2023 00:18:49: 	403 - TypeError [ERR_INVALID_ARG_TYPE]: The "data" argument must be of type string or an instance of Buffer, TypedArray, or DataView. Received undefined - /task/create - POST - ::1
warn: Apr-05-2023 00:19:14: 	403 - TypeError [ERR_INVALID_ARG_TYPE]: The "data" argument must be of type string or an instance of Buffer, TypedArray, or DataView. Received undefined - /task/create - POST - ::1
warn: Apr-05-2023 00:19:34: 	403 - TypeError [ERR_INVALID_ARG_TYPE]: The "data" argument must be of type string or an instance of Buffer, TypedArray, or DataView. Received undefined - /task/create - POST - ::1
warn: Apr-05-2023 09:40:10: 	403 - Error: tasks details are invalid - /task/create - POST - ::1
warn: Apr-05-2023 10:00:50: 	403 - Error: username incorrect! - /user/login - POST - ::1
warn: Apr-05-2023 10:10:15: 	403 - Error [ERR_HTTP_HEADERS_SENT]: Cannot set headers after they are sent to the client - /task/read-by-id - GET - ::1
warn: Apr-05-2023 10:20:46: 	403 - ReferenceError: task is not defined - /task/read-by-id - GET - ::1
warn: Apr-05-2023 10:24:12: 	403 - Error: invalid id - /task/read-by-id - GET - ::1
warn: Apr-05-2023 12:27:11: 	403 - Error: task with this id already exists - /task/create - POST - ::1
warn: Apr-05-2023 12:27:17: 	403 - Error: task with this id already exists - /task/create - POST - ::1
warn: Apr-05-2023 12:28:41: 	403 - Error: task with this id already exists - /task/create - POST - ::1
warn: Apr-05-2023 12:30:37: 	403 - Error: task with this id already exists - /task/create - POST - ::1
warn: Apr-05-2023 12:30:38: 	403 - Error: task with this id already exists - /task/create - POST - ::1
warn: Apr-05-2023 12:31:33: 	403 - Error: task with this id already exists - /task/create - POST - ::1
warn: Apr-05-2023 12:31:51: 	403 - Error: task with this id already exists - /task/create - POST - ::1
warn: Apr-05-2023 12:32:25: 	403 - TypeError: Cannot read properties of undefined (reading 'taskId') - /task/create - POST - ::1
warn: Apr-05-2023 12:33:00: 	403 - Error: task with this id already exists - /task/create - POST - ::1
warn: Apr-05-2023 12:33:29: 	403 - Error: task with this id already exists - /task/create - POST - ::1
warn: Apr-05-2023 12:34:01: 	403 - Error: task with this id already exists - /task/create - POST - ::1
warn: Apr-05-2023 12:35:03: 	403 - Error: task with this id already exists - /task/create - POST - ::1
warn: Apr-05-2023 13:37:31: 	403 - Error [ERR_HTTP_HEADERS_SENT]: Cannot set headers after they are sent to the client - /task/update - PUT - ::1
warn: Apr-05-2023 13:40:09: 	403 - Error: task doesn't exists - /task/update - PUT - ::1
warn: Apr-05-2023 13:40:38: 	403 - Error: task doesn't exists - /task/update - PUT - ::1
warn: Apr-05-2023 13:46:55: 	403 - Error: task with this id already exists - /task/create - POST - ::1
warn: Apr-05-2023 13:47:42: 	403 - Error: task doesn't exists - /task/update - PUT - ::1
warn: Apr-05-2023 13:48:07: 	403 - Error: task doesn't exists - /task/update - PUT - ::1
warn: Apr-05-2023 13:58:51: 	403 - Error [ERR_HTTP_HEADERS_SENT]: Cannot set headers after they are sent to the client - /task/delete - DELETE - ::1
warn: Apr-05-2023 14:08:07: 	403 - TypeError: taskData.splice is not a function - /task/delete - DELETE - ::1
warn: Apr-05-2023 14:09:01: 	403 - Error: can't delete the task which doesn't exists - /task/delete - DELETE - ::1
warn: Apr-06-2023 09:15:54: 	403 - Error: tasks details are invalid - /task/create - POST - ::1
warn: Apr-06-2023 09:16:00: 	403 - Error: task with this id already exists - /task/create - POST - ::1
warn: Apr-06-2023 09:16:12: 	403 - Error: tasks details are invalid - /task/create - POST - ::1
warn: Apr-06-2023 09:16:19: 	403 - Error: tasks details are invalid - /task/create - POST - ::1
warn: Apr-06-2023 09:16:27: 	403 - Error: tasks details are invalid - /task/create - POST - ::1
warn: Apr-06-2023 09:18:30: 	403 - Error: tasks details are invalid - /task/create - POST - ::1
warn: Apr-06-2023 09:26:07: 	403 - Error: tasks details are invalid - /task/create - POST - ::1
warn: Apr-06-2023 09:26:24: 	403 - Error: tasks details are invalid - /task/create - POST - ::1
warn: Apr-06-2023 09:31:31: 	403 - Error: username and passwords are invalid format - /user/login - POST - ::1
warn: Apr-06-2023 09:31:39: 	403 - Error: username and passwords are invalid format - /user/login - POST - ::1
